<?xml version="1.0" encoding="UTF-8"?>
<!-- Generated by org.testng.reporters.JUnitXMLReporter -->
<testsuite hostname="Sachins-MacBook-Air.local" ignored="0" name="CRM test cases" tests="10" failures="2" timestamp="05 Dec 2017 17:36:39 GMT" time="136.45" errors="0">
  <testcase name="verifyHomePageTitle" time="0.056" classname="com.crm.qa.testcases.HomePageTest"/>
  <testcase name="loginPageTitleTest" time="0.017" classname="com.crm.qa.testcases.LoginPageTest"/>
  <testcase name="verifyUserNamelabel" time="0.389" classname="com.crm.qa.testcases.HomePageTest"/>
  <testcase name="crmLogoImageTest" time="0.061" classname="com.crm.qa.testcases.LoginPageTest"/>
  <testcase name="verifyContactPage" time="1.663" classname="com.crm.qa.testcases.HomePageTest"/>
  <testcase name="loginTest" time="8.16" classname="com.crm.qa.testcases.LoginPageTest"/>
  <testcase name="verifyDealsPage" time="1.521" classname="com.crm.qa.testcases.HomePageTest"/>
  <testcase name="loginTestfail" time="0.003" classname="com.crm.qa.testcases.LoginPageTest">
    <failure type="java.lang.AssertionError" message="expected [false] but found [true]">
      <![CDATA[java.lang.AssertionError: expected [false] but found [true]
	at com.crm.qa.testcases.LoginPageTest.loginTestfail(LoginPageTest.java:64)
... Removed 29 stack frames]]>
    </failure>
  </testcase> <!-- loginTestfail -->
  <testcase name="verifyTasksPage" time="1.505" classname="com.crm.qa.testcases.HomePageTest"/>
  <testcase name="homePageTestfail" time="0.002" classname="com.crm.qa.testcases.HomePageTest">
    <failure type="java.lang.AssertionError" message="expected [false] but found [true]">
      <![CDATA[java.lang.AssertionError: expected [false] but found [true]
	at com.crm.qa.testcases.HomePageTest.homePageTestfail(HomePageTest.java:92)
... Removed 29 stack frames]]>
    </failure>
  </testcase> <!-- homePageTestfail -->
</testsuite> <!-- CRM test cases -->
