<?xml version="1.0" encoding="UTF-8"?>
<testng-results skipped="0" failed="2" ignored="0" total="10" passed="8">
  <reporter-output>
  </reporter-output>
  <suite name="CRM automation Test Suite" duration-ms="136450" started-at="2017-12-05T17:34:17Z" finished-at="2017-12-05T17:36:34Z">
    <groups>
    </groups>
    <test name="CRM test cases" duration-ms="136450" started-at="2017-12-05T17:34:17Z" finished-at="2017-12-05T17:36:34Z">
      <class name="com.crm.qa.testcases.HomePageTest">
        <test-method status="PASS" signature="setUp()[pri:0, instance:com.crm.qa.testcases.HomePageTest@59fa1d9b]" name="setUp" is-config="true" duration-ms="16349" started-at="2017-12-05T23:04:17Z" finished-at="2017-12-05T23:04:34Z">
          <reporter-output>
          </reporter-output>
        </test-method> <!-- setUp -->
        <test-method status="PASS" signature="verifyHomePageTitle()[pri:1, instance:com.crm.qa.testcases.HomePageTest@59fa1d9b]" name="verifyHomePageTitle" duration-ms="56" started-at="2017-12-05T23:04:34Z" finished-at="2017-12-05T23:04:34Z">
          <reporter-output>
          </reporter-output>
        </test-method> <!-- verifyHomePageTitle -->
        <test-method status="PASS" signature="tearDown()[pri:0, instance:com.crm.qa.testcases.HomePageTest@59fa1d9b]" name="tearDown" is-config="true" duration-ms="92" started-at="2017-12-05T23:04:34Z" finished-at="2017-12-05T23:04:34Z">
          <reporter-output>
          </reporter-output>
        </test-method> <!-- tearDown -->
        <test-method status="PASS" signature="setUp()[pri:0, instance:com.crm.qa.testcases.HomePageTest@59fa1d9b]" name="setUp" is-config="true" duration-ms="13681" started-at="2017-12-05T23:04:50Z" finished-at="2017-12-05T23:05:04Z">
          <reporter-output>
          </reporter-output>
        </test-method> <!-- setUp -->
        <test-method status="PASS" signature="verifyUserNamelabel()[pri:2, instance:com.crm.qa.testcases.HomePageTest@59fa1d9b]" name="verifyUserNamelabel" duration-ms="389" started-at="2017-12-05T23:05:04Z" finished-at="2017-12-05T23:05:05Z">
          <reporter-output>
          </reporter-output>
        </test-method> <!-- verifyUserNamelabel -->
        <test-method status="PASS" signature="tearDown()[pri:0, instance:com.crm.qa.testcases.HomePageTest@59fa1d9b]" name="tearDown" is-config="true" duration-ms="87" started-at="2017-12-05T23:05:05Z" finished-at="2017-12-05T23:05:05Z">
          <reporter-output>
          </reporter-output>
        </test-method> <!-- tearDown -->
        <test-method status="PASS" signature="setUp()[pri:0, instance:com.crm.qa.testcases.HomePageTest@59fa1d9b]" name="setUp" is-config="true" duration-ms="13118" started-at="2017-12-05T23:05:10Z" finished-at="2017-12-05T23:05:23Z">
          <reporter-output>
          </reporter-output>
        </test-method> <!-- setUp -->
        <test-method status="PASS" signature="verifyContactPage()[pri:3, instance:com.crm.qa.testcases.HomePageTest@59fa1d9b]" name="verifyContactPage" duration-ms="1663" started-at="2017-12-05T23:05:23Z" finished-at="2017-12-05T23:05:25Z">
          <reporter-output>
          </reporter-output>
        </test-method> <!-- verifyContactPage -->
        <test-method status="PASS" signature="tearDown()[pri:0, instance:com.crm.qa.testcases.HomePageTest@59fa1d9b]" name="tearDown" is-config="true" duration-ms="86" started-at="2017-12-05T23:05:25Z" finished-at="2017-12-05T23:05:25Z">
          <reporter-output>
          </reporter-output>
        </test-method> <!-- tearDown -->
        <test-method status="PASS" signature="setUp()[pri:0, instance:com.crm.qa.testcases.HomePageTest@59fa1d9b]" name="setUp" is-config="true" duration-ms="15866" started-at="2017-12-05T23:05:42Z" finished-at="2017-12-05T23:05:58Z">
          <reporter-output>
          </reporter-output>
        </test-method> <!-- setUp -->
        <test-method status="PASS" signature="verifyDealsPage()[pri:4, instance:com.crm.qa.testcases.HomePageTest@59fa1d9b]" name="verifyDealsPage" duration-ms="1521" started-at="2017-12-05T23:05:58Z" finished-at="2017-12-05T23:05:59Z">
          <reporter-output>
          </reporter-output>
        </test-method> <!-- verifyDealsPage -->
        <test-method status="PASS" signature="tearDown()[pri:0, instance:com.crm.qa.testcases.HomePageTest@59fa1d9b]" name="tearDown" is-config="true" duration-ms="85" started-at="2017-12-05T23:05:59Z" finished-at="2017-12-05T23:05:59Z">
          <reporter-output>
          </reporter-output>
        </test-method> <!-- tearDown -->
        <test-method status="PASS" signature="setUp()[pri:0, instance:com.crm.qa.testcases.HomePageTest@59fa1d9b]" name="setUp" is-config="true" duration-ms="13849" started-at="2017-12-05T23:06:05Z" finished-at="2017-12-05T23:06:19Z">
          <reporter-output>
          </reporter-output>
        </test-method> <!-- setUp -->
        <test-method status="PASS" signature="verifyTasksPage()[pri:5, instance:com.crm.qa.testcases.HomePageTest@59fa1d9b]" name="verifyTasksPage" duration-ms="1505" started-at="2017-12-05T23:06:19Z" finished-at="2017-12-05T23:06:20Z">
          <reporter-output>
          </reporter-output>
        </test-method> <!-- verifyTasksPage -->
        <test-method status="PASS" signature="tearDown()[pri:0, instance:com.crm.qa.testcases.HomePageTest@59fa1d9b]" name="tearDown" is-config="true" duration-ms="86" started-at="2017-12-05T23:06:20Z" finished-at="2017-12-05T23:06:20Z">
          <reporter-output>
          </reporter-output>
        </test-method> <!-- tearDown -->
        <test-method status="PASS" signature="setUp()[pri:0, instance:com.crm.qa.testcases.HomePageTest@59fa1d9b]" name="setUp" is-config="true" duration-ms="13253" started-at="2017-12-05T23:06:20Z" finished-at="2017-12-05T23:06:34Z">
          <reporter-output>
          </reporter-output>
        </test-method> <!-- setUp -->
        <test-method status="FAIL" signature="homePageTestfail()[pri:6, instance:com.crm.qa.testcases.HomePageTest@59fa1d9b]" name="homePageTestfail" duration-ms="2" started-at="2017-12-05T23:06:34Z" finished-at="2017-12-05T23:06:34Z">
          <exception class="java.lang.AssertionError">
            <message>
              <![CDATA[expected [false] but found [true]]]>
            </message>
            <full-stacktrace>
              <![CDATA[java.lang.AssertionError: expected [false] but found [true]
	at org.testng.Assert.fail(Assert.java:93)
	at org.testng.Assert.failNotEquals(Assert.java:512)
	at org.testng.Assert.assertFalse(Assert.java:62)
	at org.testng.Assert.assertFalse(Assert.java:72)
	at com.crm.qa.testcases.HomePageTest.homePageTestfail(HomePageTest.java:92)
	at sun.reflect.NativeMethodAccessorImpl.invoke0(Native Method)
	at sun.reflect.NativeMethodAccessorImpl.invoke(NativeMethodAccessorImpl.java:62)
	at sun.reflect.DelegatingMethodAccessorImpl.invoke(DelegatingMethodAccessorImpl.java:43)
	at java.lang.reflect.Method.invoke(Method.java:498)
	at org.testng.internal.MethodInvocationHelper.invokeMethod(MethodInvocationHelper.java:108)
	at org.testng.internal.Invoker.invokeMethod(Invoker.java:661)
	at org.testng.internal.Invoker.invokeTestMethod(Invoker.java:869)
	at org.testng.internal.Invoker.invokeTestMethods(Invoker.java:1193)
	at org.testng.internal.TestMethodWorker.invokeTestMethods(TestMethodWorker.java:126)
	at org.testng.internal.TestMethodWorker.run(TestMethodWorker.java:109)
	at org.testng.TestRunner.privateRun(TestRunner.java:744)
	at org.testng.TestRunner.run(TestRunner.java:602)
	at org.testng.SuiteRunner.runTest(SuiteRunner.java:380)
	at org.testng.SuiteRunner.runSequentially(SuiteRunner.java:375)
	at org.testng.SuiteRunner.privateRun(SuiteRunner.java:340)
	at org.testng.SuiteRunner.run(SuiteRunner.java:289)
	at org.testng.SuiteRunnerWorker.runSuite(SuiteRunnerWorker.java:52)
	at org.testng.SuiteRunnerWorker.run(SuiteRunnerWorker.java:86)
	at org.testng.TestNG.runSuitesSequentially(TestNG.java:1301)
	at org.testng.TestNG.runSuitesLocally(TestNG.java:1226)
	at org.testng.TestNG.runSuites(TestNG.java:1144)
	at org.testng.TestNG.run(TestNG.java:1115)
	at org.testng.remote.AbstractRemoteTestNG.run(AbstractRemoteTestNG.java:114)
	at org.testng.remote.RemoteTestNG.initAndRun(RemoteTestNG.java:251)
	at org.testng.remote.RemoteTestNG.main(RemoteTestNG.java:77)
]]>
            </full-stacktrace>
          </exception> <!-- java.lang.AssertionError -->
          <reporter-output>
          </reporter-output>
        </test-method> <!-- homePageTestfail -->
        <test-method status="PASS" signature="tearDown()[pri:0, instance:com.crm.qa.testcases.HomePageTest@59fa1d9b]" name="tearDown" is-config="true" duration-ms="103" started-at="2017-12-05T23:06:34Z" finished-at="2017-12-05T23:06:34Z">
          <reporter-output>
          </reporter-output>
        </test-method> <!-- tearDown -->
      </class> <!-- com.crm.qa.testcases.HomePageTest -->
      <class name="com.crm.qa.testcases.LoginPageTest">
        <test-method status="PASS" signature="setUp()[pri:0, instance:com.crm.qa.testcases.LoginPageTest@28d25987]" name="setUp" is-config="true" duration-ms="16534" started-at="2017-12-05T23:04:34Z" finished-at="2017-12-05T23:04:50Z">
          <reporter-output>
          </reporter-output>
        </test-method> <!-- setUp -->
        <test-method status="PASS" signature="loginPageTitleTest()[pri:1, instance:com.crm.qa.testcases.LoginPageTest@28d25987]" name="loginPageTitleTest" duration-ms="17" started-at="2017-12-05T23:04:50Z" finished-at="2017-12-05T23:04:50Z">
          <reporter-output>
          </reporter-output>
        </test-method> <!-- loginPageTitleTest -->
        <test-method status="PASS" signature="tearDown()[pri:0, instance:com.crm.qa.testcases.LoginPageTest@28d25987]" name="tearDown" is-config="true" duration-ms="84" started-at="2017-12-05T23:04:50Z" finished-at="2017-12-05T23:04:50Z">
          <reporter-output>
          </reporter-output>
        </test-method> <!-- tearDown -->
        <test-method status="PASS" signature="setUp()[pri:0, instance:com.crm.qa.testcases.LoginPageTest@28d25987]" name="setUp" is-config="true" duration-ms="5298" started-at="2017-12-05T23:05:05Z" finished-at="2017-12-05T23:05:10Z">
          <reporter-output>
          </reporter-output>
        </test-method> <!-- setUp -->
        <test-method status="PASS" signature="crmLogoImageTest()[pri:2, instance:com.crm.qa.testcases.LoginPageTest@28d25987]" name="crmLogoImageTest" duration-ms="61" started-at="2017-12-05T23:05:10Z" finished-at="2017-12-05T23:05:10Z">
          <reporter-output>
          </reporter-output>
        </test-method> <!-- crmLogoImageTest -->
        <test-method status="PASS" signature="tearDown()[pri:0, instance:com.crm.qa.testcases.LoginPageTest@28d25987]" name="tearDown" is-config="true" duration-ms="78" started-at="2017-12-05T23:05:10Z" finished-at="2017-12-05T23:05:10Z">
          <reporter-output>
          </reporter-output>
        </test-method> <!-- tearDown -->
        <test-method status="PASS" signature="setUp()[pri:0, instance:com.crm.qa.testcases.LoginPageTest@28d25987]" name="setUp" is-config="true" duration-ms="8497" started-at="2017-12-05T23:05:25Z" finished-at="2017-12-05T23:05:33Z">
          <reporter-output>
          </reporter-output>
        </test-method> <!-- setUp -->
        <test-method status="PASS" signature="loginTest()[pri:3, instance:com.crm.qa.testcases.LoginPageTest@28d25987]" name="loginTest" duration-ms="8160" started-at="2017-12-05T23:05:33Z" finished-at="2017-12-05T23:05:42Z">
          <reporter-output>
          </reporter-output>
        </test-method> <!-- loginTest -->
        <test-method status="PASS" signature="tearDown()[pri:0, instance:com.crm.qa.testcases.LoginPageTest@28d25987]" name="tearDown" is-config="true" duration-ms="85" started-at="2017-12-05T23:05:42Z" finished-at="2017-12-05T23:05:42Z">
          <reporter-output>
          </reporter-output>
        </test-method> <!-- tearDown -->
        <test-method status="PASS" signature="setUp()[pri:0, instance:com.crm.qa.testcases.LoginPageTest@28d25987]" name="setUp" is-config="true" duration-ms="5701" started-at="2017-12-05T23:05:59Z" finished-at="2017-12-05T23:06:05Z">
          <reporter-output>
          </reporter-output>
        </test-method> <!-- setUp -->
        <test-method status="FAIL" signature="loginTestfail()[pri:4, instance:com.crm.qa.testcases.LoginPageTest@28d25987]" name="loginTestfail" duration-ms="3" started-at="2017-12-05T23:06:05Z" finished-at="2017-12-05T23:06:05Z">
          <exception class="java.lang.AssertionError">
            <message>
              <![CDATA[expected [false] but found [true]]]>
            </message>
            <full-stacktrace>
              <![CDATA[java.lang.AssertionError: expected [false] but found [true]
	at org.testng.Assert.fail(Assert.java:93)
	at org.testng.Assert.failNotEquals(Assert.java:512)
	at org.testng.Assert.assertFalse(Assert.java:62)
	at org.testng.Assert.assertFalse(Assert.java:72)
	at com.crm.qa.testcases.LoginPageTest.loginTestfail(LoginPageTest.java:64)
	at sun.reflect.NativeMethodAccessorImpl.invoke0(Native Method)
	at sun.reflect.NativeMethodAccessorImpl.invoke(NativeMethodAccessorImpl.java:62)
	at sun.reflect.DelegatingMethodAccessorImpl.invoke(DelegatingMethodAccessorImpl.java:43)
	at java.lang.reflect.Method.invoke(Method.java:498)
	at org.testng.internal.MethodInvocationHelper.invokeMethod(MethodInvocationHelper.java:108)
	at org.testng.internal.Invoker.invokeMethod(Invoker.java:661)
	at org.testng.internal.Invoker.invokeTestMethod(Invoker.java:869)
	at org.testng.internal.Invoker.invokeTestMethods(Invoker.java:1193)
	at org.testng.internal.TestMethodWorker.invokeTestMethods(TestMethodWorker.java:126)
	at org.testng.internal.TestMethodWorker.run(TestMethodWorker.java:109)
	at org.testng.TestRunner.privateRun(TestRunner.java:744)
	at org.testng.TestRunner.run(TestRunner.java:602)
	at org.testng.SuiteRunner.runTest(SuiteRunner.java:380)
	at org.testng.SuiteRunner.runSequentially(SuiteRunner.java:375)
	at org.testng.SuiteRunner.privateRun(SuiteRunner.java:340)
	at org.testng.SuiteRunner.run(SuiteRunner.java:289)
	at org.testng.SuiteRunnerWorker.runSuite(SuiteRunnerWorker.java:52)
	at org.testng.SuiteRunnerWorker.run(SuiteRunnerWorker.java:86)
	at org.testng.TestNG.runSuitesSequentially(TestNG.java:1301)
	at org.testng.TestNG.runSuitesLocally(TestNG.java:1226)
	at org.testng.TestNG.runSuites(TestNG.java:1144)
	at org.testng.TestNG.run(TestNG.java:1115)
	at org.testng.remote.AbstractRemoteTestNG.run(AbstractRemoteTestNG.java:114)
	at org.testng.remote.RemoteTestNG.initAndRun(RemoteTestNG.java:251)
	at org.testng.remote.RemoteTestNG.main(RemoteTestNG.java:77)
]]>
            </full-stacktrace>
          </exception> <!-- java.lang.AssertionError -->
          <reporter-output>
          </reporter-output>
        </test-method> <!-- loginTestfail -->
        <test-method status="PASS" signature="tearDown()[pri:0, instance:com.crm.qa.testcases.LoginPageTest@28d25987]" name="tearDown" is-config="true" duration-ms="82" started-at="2017-12-05T23:06:05Z" finished-at="2017-12-05T23:06:05Z">
          <reporter-output>
          </reporter-output>
        </test-method> <!-- tearDown -->
      </class> <!-- com.crm.qa.testcases.LoginPageTest -->
    </test> <!-- CRM test cases -->
  </suite> <!-- CRM automation Test Suite -->
</testng-results>
